<?xml version="1.0" encoding="utf-8"?><testsuites name="pytest tests"><testsuite name="pytest" errors="0" failures="0" skipped="0" tests="11" time="16.723" timestamp="2026-07-01T15:02:06.266112+00:00" hostname="agent-env-e401cd41-8492-43eb-83ab-c33230484a34"><testcase classname="backend.tests.test_company_empty_email.TestCreateCompanyContactEmail" name="test_empty_string_email_returns_200_and_null" time="2.673" /><testcase classname="backend.tests.test_company_empty_email.TestCreateCompanyContactEmail" name="test_null_email_returns_200" time="0.506" /><testcase classname="backend.tests.test_company_empty_email.TestCreateCompanyContactEmail" name="test_missing_email_field_returns_200" time="0.507" /><testcase classname="backend.tests.test_company_empty_email.TestCreateCompanyContactEmail" name="test_invalid_email_still_returns_422_array" time="0.382" /><testcase classname="backend.tests.test_company_empty_email.TestCreateCompanyContactEmail" name="test_valid_email_returns_200" time="0.520" /><testcase classname="backend.tests.test_company_empty_email.TestUpdateCompanyContactEmail" name="test_put_empty_string_email" time="1.692" /><testcase classname="backend.tests.test_company_empty_email.TestUpdateCompanyContactEmail" name="test_put_invalid_email_returns_422" time="0.887" /><testcase classname="backend.tests.test_company_empty_email.TestAdminSelfCompany" name="test_put_my_company_empty_email" time="2.335" /><testcase classname="backend.tests.test_company_empty_email.TestMandantes" name="test_post_mandante_empty_email" time="0.789" /><testcase classname="backend.tests.test_company_empty_email.TestMandantes" name="test_put_mandante_empty_email" time="1.587" /><testcase classname="backend.tests.test_company_empty_email.TestMandantes" name="test_mandante_invalid_email_returns_422" time="4.780" /></testsuite></testsuites>