<?xml version="1.0" encoding="utf-8"?><testsuites name="pytest tests"><testsuite name="pytest" errors="0" failures="0" skipped="0" tests="15" time="5.290" timestamp="2026-06-28T19:26:54.179401+00:00" hostname="agent-env-e401cd41-8492-43eb-83ab-c33230484a34"><testcase classname="backend.tests.test_f10_worker_competency_matrix.TestAuthMatrix" name="test_no_token_unauthorized" time="0.139" /><testcase classname="backend.tests.test_f10_worker_competency_matrix.TestAuthMatrix" name="test_no_token_export_unauthorized" time="0.144" /><testcase classname="backend.tests.test_f10_worker_competency_matrix.TestAuthMatrix" name="test_worker_forbidden_json" time="0.772" /><testcase classname="backend.tests.test_f10_worker_competency_matrix.TestAuthMatrix" name="test_worker_forbidden_export" time="0.316" /><testcase classname="backend.tests.test_f10_worker_competency_matrix.TestMatrixShape" name="test_top_level_keys" time="1.589" /><testcase classname="backend.tests.test_f10_worker_competency_matrix.TestMatrixShape" name="test_counts_consistent" time="0.000" /><testcase classname="backend.tests.test_f10_worker_competency_matrix.TestMatrixShape" name="test_summary_buckets_sum" time="0.000" /><testcase classname="backend.tests.test_f10_worker_competency_matrix.TestMatrixShape" name="test_cell_status_values" time="0.000" /><testcase classname="backend.tests.test_f10_worker_competency_matrix.TestMatrixShape" name="test_required_flag_consistent_with_not_required" time="0.000" /><testcase classname="backend.tests.test_f10_worker_competency_matrix.TestMatrixShape" name="test_worker_shape" time="0.000" /><testcase classname="backend.tests.test_f10_worker_competency_matrix.TestMatrixShape" name="test_compliance_excludes_not_required" time="0.000" /><testcase classname="backend.tests.test_f10_worker_competency_matrix.TestMatrixShape" name="test_average_compliance_reasonable" time="0.000" /><testcase classname="backend.tests.test_f10_worker_competency_matrix.TestMatrixShape" name="test_multitenant_only_rio_loa" time="0.000" /><testcase classname="backend.tests.test_f10_worker_competency_matrix.TestMatrixExport" name="test_export_status_and_headers" time="1.133" /><testcase classname="backend.tests.test_f10_worker_competency_matrix.TestMatrixExport" name="test_export_body_bom_and_sections" time="1.147" /></testsuite></testsuites>