<?xml version="1.0" encoding="utf-8"?><testsuites name="pytest tests"><testsuite name="pytest" errors="0" failures="0" skipped="1" tests="7" time="26.706" timestamp="2026-06-27T23:05:44.591574+00:00" hostname="agent-env-e401cd41-8492-43eb-83ab-c33230484a34"><testcase classname="backend.tests.test_f4_competencies" name="test_login_three_roles" time="2.023" /><testcase classname="backend.tests.test_f4_competencies" name="test_competencies_crud" time="4.365" /><testcase classname="backend.tests.test_f4_competencies" name="test_competencies_worker_cannot_create" time="0.897" /><testcase classname="backend.tests.test_f4_competencies" name="test_activity_competency_linkage" time="3.989" /><testcase classname="backend.tests.test_f4_competencies" name="test_worker_competency_manual_upload" time="5.847" /><testcase classname="backend.tests.test_f4_competencies" name="test_my_competencies_union" time="8.917" /><testcase classname="backend.tests.test_f4_competencies" name="test_auto_grant_on_course_completion" time="0.568"><skipped type="pytest.skip" message="Seed has no published course with grants_competency_ids + evaluation — caveat de seed">/app/backend/tests/test_f4_competencies.py:262: Seed has no published course with grants_competency_ids + evaluation — caveat de seed</skipped></testcase></testsuite></testsuites>