<?xml version="1.0" encoding="utf-8"?><testsuites name="pytest tests"><testsuite name="pytest" errors="0" failures="0" skipped="0" tests="6" time="20.301" timestamp="2026-06-28T05:00:26.997349+00:00" hostname="agent-env-e401cd41-8492-43eb-83ab-c33230484a34"><testcase classname="backend.tests.test_f5_ruta_aptiva" name="test_login_three_roles" time="1.435" /><testcase classname="backend.tests.test_f5_ruta_aptiva" name="test_progress_shape_and_seed_expectations" time="1.417" /><testcase classname="backend.tests.test_f5_ruta_aptiva" name="test_strict_filter_hides_course_when_competency_acquired" time="5.972" /><testcase classname="backend.tests.test_f5_ruta_aptiva" name="test_expired_competency_marks_status_expired_and_reincludes_course" time="4.484" /><testcase classname="backend.tests.test_f5_ruta_aptiva" name="test_general_courses_without_grants_are_always_kept" time="2.776" /><testcase classname="backend.tests.test_f5_ruta_aptiva" name="test_course_for_other_competency_only_is_filtered_out" time="4.162" /></testsuite></testsuites>