<?xml version="1.0" encoding="utf-8"?><testsuites name="pytest tests"><testsuite name="pytest" errors="0" failures="0" skipped="0" tests="10" time="13.754" timestamp="2026-06-28T05:12:52.274012+00:00" hostname="agent-env-e401cd41-8492-43eb-83ab-c33230484a34"><testcase classname="backend.tests.test_f6_compliance_heatmap" name="test_login_admin_and_worker" time="1.484" /><testcase classname="backend.tests.test_f6_compliance_heatmap" name="test_heatmap_rejects_worker" time="0.421" /><testcase classname="backend.tests.test_f6_compliance_heatmap" name="test_export_rejects_worker" time="0.405" /><testcase classname="backend.tests.test_f6_compliance_heatmap" name="test_heatmap_rejects_anonymous" time="0.129" /><testcase classname="backend.tests.test_f6_compliance_heatmap" name="test_heatmap_shape_and_seed" time="1.019" /><testcase classname="backend.tests.test_f6_compliance_heatmap" name="test_acquired_when_expiry_future" time="2.641" /><testcase classname="backend.tests.test_f6_compliance_heatmap" name="test_expired_when_expiry_past" time="2.653" /><testcase classname="backend.tests.test_f6_compliance_heatmap" name="test_acquired_when_no_expiry" time="2.657" /><testcase classname="backend.tests.test_f6_compliance_heatmap" name="test_csv_export_headers_and_content" time="1.184" /><testcase classname="backend.tests.test_f6_compliance_heatmap" name="test_critical_and_green_counts_consistent" time="1.093" /></testsuite></testsuites>