<?xml version="1.0" encoding="utf-8"?><testsuites name="pytest tests"><testsuite name="pytest" errors="0" failures="0" skipped="0" tests="15" time="15.087" timestamp="2026-06-28T17:31:11.015368+00:00" hostname="agent-env-e401cd41-8492-43eb-83ab-c33230484a34"><testcase classname="backend.tests.test_f7_job_roles_scope.TestJobRoles" name="test_list_job_roles_admin" time="1.366" /><testcase classname="backend.tests.test_f7_job_roles_scope.TestJobRoles" name="test_create_job_role" time="0.592" /><testcase classname="backend.tests.test_f7_job_roles_scope.TestJobRoles" name="test_create_duplicate_name_fails" time="0.457" /><testcase classname="backend.tests.test_f7_job_roles_scope.TestJobRoles" name="test_list_contains_created" time="0.455" /><testcase classname="backend.tests.test_f7_job_roles_scope.TestJobRoles" name="test_update_job_role" time="0.594" /><testcase classname="backend.tests.test_f7_job_roles_scope.TestJobRoles" name="test_assign_role_to_user_via_users_endpoint" time="1.637" /><testcase classname="backend.tests.test_f7_job_roles_scope.TestJobRoles" name="test_worker_can_list_job_roles" time="0.938" /><testcase classname="backend.tests.test_f7_job_roles_scope.TestJobRoles" name="test_worker_cannot_create_job_role" time="0.318" /><testcase classname="backend.tests.test_f7_job_roles_scope.TestJobRoles" name="test_delete_job_role_nulls_user_role" time="1.050" /><testcase classname="backend.tests.test_f7_job_roles_scope.TestJobRoles" name="test_delete_nonexistent" time="0.588" /><testcase classname="backend.tests.test_f7_job_roles_scope.TestStandardItemScope" name="test_setup_mandante_and_category" time="2.060" /><testcase classname="backend.tests.test_f7_job_roles_scope.TestStandardItemScope" name="test_create_item_with_scope" time="1.776" /><testcase classname="backend.tests.test_f7_job_roles_scope.TestStandardItemScope" name="test_item_persisted_in_get" time="0.873" /><testcase classname="backend.tests.test_f7_job_roles_scope.TestStandardItemScope" name="test_clear_scope_with_empty_string" time="0.870" /><testcase classname="backend.tests.test_f7_job_roles_scope.TestStandardItemScope" name="test_cleanup" time="1.317" /></testsuite></testsuites>