<?xml version="1.0" encoding="utf-8"?><testsuites name="pytest tests"><testsuite name="pytest" errors="0" failures="0" skipped="0" tests="12" time="23.191" timestamp="2026-06-28T18:17:39.197555+00:00" hostname="agent-env-e401cd41-8492-43eb-83ab-c33230484a34"><testcase classname="tests.test_f8_default_password" name="test_default_password_from_rut_helper" time="0.381" /><testcase classname="tests.test_f8_default_password" name="test_create_user_without_password_uses_rut" time="3.933" /><testcase classname="tests.test_f8_default_password" name="test_create_user_explicit_password_overrides_rut" time="2.665" /><testcase classname="tests.test_f8_default_password" name="test_create_user_short_rut_no_password_returns_400" time="0.651" /><testcase classname="tests.test_f8_default_password" name="test_create_user_no_rut_no_password_returns_400" time="0.528" /><testcase classname="tests.test_f8_default_password" name="test_reset_password_defaults_to_rut" time="3.568" /><testcase classname="tests.test_f8_default_password" name="test_reset_password_no_body" time="2.539" /><testcase classname="tests.test_f8_default_password" name="test_reset_password_with_manual" time="3.048" /><testcase classname="tests.test_f8_default_password" name="test_reset_password_404_for_unknown_user" time="0.525" /><testcase classname="tests.test_f8_default_password" name="test_reset_password_403_for_worker" time="0.883" /><testcase classname="tests.test_f8_default_password" name="test_bulk_import_derives_password_from_rut" time="3.915" /><testcase classname="tests.test_f8_default_password" name="test_seeded_worker_login_with_rut_pwd" time="0.472" /></testsuite></testsuites>