<?xml version="1.0" encoding="utf-8"?><testsuites name="pytest tests"><testsuite name="pytest" errors="0" failures="0" skipped="0" tests="8" time="12.737" timestamp="2026-07-01T16:09:27.590472+00:00" hostname="agent-env-e401cd41-8492-43eb-83ab-c33230484a34"><testcase classname="backend.tests.test_notifications.TestNotificationsAuth" name="test_no_token_rejected" time="0.131" /><testcase classname="backend.tests.test_notifications.TestNotificationsAuth" name="test_worker_forbidden" time="0.889" /><testcase classname="backend.tests.test_notifications.TestNotificationsFcab" name="test_returns_summary_and_list" time="1.676" /><testcase classname="backend.tests.test_notifications.TestNotificationsFcab" name="test_fcab_seed_all_expired" time="1.216" /><testcase classname="backend.tests.test_notifications.TestNotificationsFcab" name="test_severity_calculation_consistent" time="1.192" /><testcase classname="backend.tests.test_notifications.TestNotificationsMultiTenant" name="test_rioloa_and_fcab_isolated" time="2.911" /><testcase classname="backend.tests.test_notifications.TestIncludeOk" name="test_include_ok_adds_info_items" time="2.410" /><testcase classname="backend.tests.test_notifications.TestWorkerDocumentsNotification" name="test_worker_document_appears_as_critical" time="2.266" /></testsuite></testsuites>