<?xml version="1.0" encoding="utf-8"?><testsuites name="pytest tests"><testsuite name="pytest" errors="0" failures="1" skipped="0" tests="19" time="1.931" timestamp="2026-01-29T05:03:06.228081+00:00" hostname="agent-env-5b8d026f-7c0e-4e2f-962a-6298f139b0a1"><testcase classname="backend.tests.test_prerequisites.TestAuthEndpoints" name="test_admin_login_success" time="0.304" /><testcase classname="backend.tests.test_prerequisites.TestAuthEndpoints" name="test_student_login_success" time="0.264" /><testcase classname="backend.tests.test_prerequisites.TestAuthEndpoints" name="test_login_invalid_credentials" time="0.036" /><testcase classname="backend.tests.test_prerequisites.TestRoleCurriculum" name="test_get_role_curriculum_success" time="0.074" /><testcase classname="backend.tests.test_prerequisites.TestRoleCurriculum" name="test_get_role_curriculum_prerequisite_names" time="0.033" /><testcase classname="backend.tests.test_prerequisites.TestRoleCurriculum" name="test_get_role_curriculum_total_hours" time="0.041" /><testcase classname="backend.tests.test_prerequisites.TestRoleCurriculum" name="test_get_role_curriculum_not_found" time="0.034" /><testcase classname="backend.tests.test_prerequisites.TestStudentProgress" name="test_get_student_progress_success" time="0.301" /><testcase classname="backend.tests.test_prerequisites.TestStudentProgress" name="test_student_progress_course_order" time="0.041" /><testcase classname="backend.tests.test_prerequisites.TestStudentProgress" name="test_student_progress_first_course_available" time="0.038" /><testcase classname="backend.tests.test_prerequisites.TestStudentProgress" name="test_student_progress_locked_courses_show_missing_prerequisites" time="0.040" /><testcase classname="backend.tests.test_prerequisites.TestStudentProgress" name="test_student_progress_requires_auth" time="0.037" /><testcase classname="backend.tests.test_prerequisites.TestCoursePrerequisites" name="test_get_course_with_prerequisites" time="0.297" /><testcase classname="backend.tests.test_prerequisites.TestCoursePrerequisites" name="test_update_course_prerequisites" time="0.068" /><testcase classname="backend.tests.test_prerequisites.TestRolesEndpoints" name="test_get_roles_list" time="0.034" /><testcase classname="backend.tests.test_prerequisites.TestRolesEndpoints" name="test_get_role_by_id" time="0.037" /><testcase classname="backend.tests.test_prerequisites.TestRolesEndpoints" name="test_role_has_course_order" time="0.036" /><testcase classname="backend.tests.test_prerequisites.TestCoursesEndpoints" name="test_get_courses_list" time="0.037" /><testcase classname="backend.tests.test_prerequisites.TestCoursesEndpoints" name="test_course_has_prerequisites_field" time="0.032"><failure message="AssertionError: assert 'prerequisites' in {'course_id': 'course_4c8784cfd619', 'created_at': '2026-01-29T03:49:59.519037+00:00', 'description': 'Updated course description', 'hours': 8, ...}">backend/tests/test_prerequisites.py:336: in test_course_has_prerequisites_field
    assert "prerequisites" in course
E   AssertionError: assert 'prerequisites' in {'course_id': 'course_4c8784cfd619', 'created_at': '2026-01-29T03:49:59.519037+00:00', 'description': 'Updated course description', 'hours': 8, ...}</failure></testcase></testsuite></testsuites>